<?xml version="1.0" encoding="UTF-8"?>
<!-- Generated by org.testng.reporters.JUnitReportReporter -->
<testsuite hostname="IN-PG02NMAG" failures="0" tests="1" name="hooks.hooks" time="3.266" errors="0" timestamp="05 Mar 2023 06:00:11 GMT" skipped="0">
  <testcase classname="hooks.hooks" name="stopAppium" time="3.266"/>
</testsuite> <!-- hooks.hooks -->
