<?xml version="1.0" encoding="UTF-8"?>
<!-- Generated by org.testng.reporters.JUnitReportReporter -->
<testsuite hostname="IN-PG02NMAG" failures="0" tests="7" name="StepDefinitions.AppStep" time="26.608" errors="0" timestamp="06 Mar 2023 06:08:48 GMT" skipped="0">
  <testcase classname="StepDefinitions.AppStep" name="user_click_to_the_App" time="4.882"/>
  <testcase classname="StepDefinitions.AppStep" name="click_to_the_Action_Bar" time="4.497"/>
  <testcase classname="StepDefinitions.AppStep" name="click_to_the_Action_Bar_Tabs" time="4.231"/>
  <testcase classname="StepDefinitions.AppStep" name="click_to_the_Toggle_Tab_Mode" time="3.094"/>
  <testcase classname="StepDefinitions.AppStep" name="click_to_the_Add_New_Tab" time="3.067"/>
  <testcase classname="StepDefinitions.AppStep" name="click_to_the_Remove_Last_Tab" time="3.772"/>
  <testcase classname="StepDefinitions.AppStep" name="click_to_the_Remove_All_Tab" time="3.065"/>
</testsuite> <!-- StepDefinitions.AppStep -->
