<?xml version="1.0" encoding="UTF-8"?>
<!-- Generated by org.testng.reporters.JUnitReportReporter -->
<testsuite hostname="IN-PG02NMAG" failures="0" tests="1" name="Screens.Accessibility" time="3.223" errors="0" timestamp="05 Mar 2023 09:40:50 GMT" skipped="0">
  <testcase classname="Screens.Accessibility" name="stopAppium" time="3.223"/>
</testsuite> <!-- Screens.Accessibility -->
